#
# A fatal error has been detected by the Java Runtime Environment:
#
#  EXCEPTION_ACCESS_VIOLATION (0xc0000005) at pc=0x000000000812bce0, pid=8232, tid=6392
#
# JRE version: Java(TM) SE Runtime Environment (9.0+11) (build 9.0.4+11)
# Java VM: Java HotSpot(TM) 64-Bit Server VM (9.0.4+11, mixed mode, tiered, compressed oops, g1 gc, windows-amd64)
# Problematic frame:
# V  [jvm.dll+0x32bce0]
#
# No core dump will be written. Minidumps are not enabled by default on client versions of Windows
#
# If you would like to submit a bug report, please visit:
#   http://bugreport.java.com/bugreport/crash.jsp
#

---------------  S U M M A R Y ------------

Command Line: -agentlib:jdwp=transport=dt_socket,address=127.0.0.1:65406,suspend=y,server=n -javaagent:C:\Users\AButuzov\.IdeaIC2018.1\system\captureAgent\debugger-agent.jar=file:/C:/Tmp/capture.props -Dfile.encoding=UTF-8 com.javarush.task.task20.task2027.Solution

Host: Intel(R) Core(TM) i5-6200U CPU @ 2.30GHz, 4 cores, 7G,  Windows 7 , 64 bit Build 7601 (6.1.7601.24024)
Time: Thu May 03 14:02:38 2018 RTZ 2 (ceia) elapsed time: 4903 seconds (0d 1h 21m 43s)

---------------  T H R E A D  ---------------

Current thread (0x00000000078e8000):  VMThread "VM Thread" [stack: 0x0000000007bb0000,0x0000000007cb0000] [id=6392]

Stack: [0x0000000007bb0000,0x0000000007cb0000],  sp=0x0000000007caefa0,  free space=1019k
Native frames: (J=compiled Java code, j=interpreted, Vv=VM code, C=native code)
V  [jvm.dll+0x32bce0]
V  [jvm.dll+0x327698]
V  [jvm.dll+0x341f4f]
V  [jvm.dll+0x34516d]
V  [jvm.dll+0x296ab0]
V  [jvm.dll+0x296ba9]
V  [jvm.dll+0x2f8791]
V  [jvm.dll+0x2f7331]
V  [jvm.dll+0x2f6780]
V  [jvm.dll+0x2f3e55]
V  [jvm.dll+0x2f3293]
V  [jvm.dll+0x5784ff]
V  [jvm.dll+0x57880c]
V  [jvm.dll+0x5786b3]
V  [jvm.dll+0x578eac]
V  [jvm.dll+0x5470aa]
V  [jvm.dll+0x465311]
V  [jvm.dll+0x6a366b]
V  [jvm.dll+0x6a1e05]
V  [jvm.dll+0x6a25e1]
V  [jvm.dll+0x6a28cc]
V  [jvm.dll+0x586490]
C  [msvcr120.dll+0x24f7f]
C  [msvcr120.dll+0x25126]
C  [kernel32.dll+0x159cd]
C  [ntdll.dll+0x5383d]


siginfo: EXCEPTION_ACCESS_VIOLATION (0xc0000005), reading address 0xffffffffffffffff


Register to memory mapping:

RIP=0x000000000812bce0 jvm.dll
RAX=0x00460106006e0172 is an unknown value
RBX=0x00000000078e8000 is an unknown value
RCX=0x0000000025d316d0 is pointing into metadata
RDX=0x00460106006e0172 is an unknown value
RSP=0x0000000007caefa0 is an unknown value
RBP=0x0000000000000003 is an unknown value
RSI=0x0000000007caf060 is an unknown value
RDI=0x0000000000000000 is an unknown value
R8 =0x00000000078e8000 is an unknown value
R9 =0x00460106006e0172 is an unknown value
R10=0x000000000000006e is an unknown value
R11=0x000000000000006e is an unknown value
R12=0x0000000007caf801 is an unknown value
R13=0x0000000000000000 is an unknown value
R14=0x000000000000005e is an unknown value
R15=0x0000000000000001 is an unknown value


Registers:
RAX=0x00460106006e0172, RBX=0x00000000078e8000, RCX=0x0000000025d316d0, RDX=0x00460106006e0172
RSP=0x0000000007caefa0, RBP=0x0000000000000003, RSI=0x0000000007caf060, RDI=0x0000000000000000
R8 =0x00000000078e8000, R9 =0x00460106006e0172, R10=0x000000000000006e, R11=0x000000000000006e
R12=0x0000000007caf801, R13=0x0000000000000000, R14=0x000000000000005e, R15=0x0000000000000001
RIP=0x000000000812bce0, EFLAGS=0x0000000000010246

Top of Stack: (sp=0x0000000007caefa0)
0x0000000007caefa0:   0000000025d316d0 0000000000000000
0x0000000007caefb0:   0000000000000000 00000000078e8000
0x0000000007caefc0:   0000000000000000 0000000008127698
0x0000000007caefd0:   0000000025d316d0 00000000078e8000
0x0000000007caefe0:   0000000007caf060 00000000078e8000
0x0000000007caeff0:   0000000007caf0d0 0000000008141f4f
0x0000000007caf000:   00000000078e8000 0000000003892f08
0x0000000007caf010:   0000000000000002 000000000000000e
0x0000000007caf020:   00000000000000c8 000000000388ead0
0x0000000007caf030:   0000000007caf0d0 000000000814516d
0x0000000007caf040:   0000000000000000 0000000007caf230
0x0000000007caf050:   000000000000005e 00000000083ffdec
0x0000000007caf060:   0000000007caf0c0 0000000003892f08
0x0000000007caf070:   00000000078e8000 0000000007caf230
0x0000000007caf080:   0000000000000000 0000000008096ab0
0x0000000007caf090:   0000000007caf220 0000000007caf601 

Instructions: (pc=0x000000000812bce0)
0x000000000812bcc0:   8b d8 e8 a9 88 d8 ff 48 83 7b 08 00 4c 8b c8 74
0x000000000812bcd0:   04 33 ff eb 23 80 3d 39 bd 62 00 00 74 05 33 ff
0x000000000812bce0:   89 78 0c 48 8d 4d fe 48 8d 78 10 48 85 c9 74 05
0x000000000812bcf0:   33 c0 f3 48 ab 49 8b f9 48 83 7b 08 00 48 8b 74 


VM_Operation (0x0000000066e6f200): GetOrSetLocal, mode: safepoint, requested by thread 0x00000000668d0800


---------------  P R O C E S S  ---------------

Java Threads: ( => current thread )
  0x0000000066923000 JavaThread "Service Thread" daemon [_thread_blocked, id=10528, stack(0x00000000672d0000,0x00000000673d0000)]
  0x00000000668e2000 JavaThread "JDWP Command Reader" daemon [_thread_in_native, id=6172, stack(0x00000000670b0000,0x00000000671b0000)]
  0x00000000668e1000 JavaThread "JDWP Event Helper Thread" daemon [_thread_blocked, id=7264, stack(0x0000000066ee0000,0x0000000066fe0000)]
  0x00000000668d0800 JavaThread "JDWP Transport Listener: dt_socket" daemon [_thread_blocked, id=5288, stack(0x0000000066d70000,0x0000000066e70000)]
  0x0000000007938800 JavaThread "Common-Cleaner" daemon [_thread_blocked, id=9452, stack(0x00000000666c0000,0x00000000667c0000)]
  0x000000000791d800 JavaThread "Sweeper thread" daemon [_thread_blocked, id=9012, stack(0x0000000007a30000,0x0000000007b30000)]
  0x000000000791c800 JavaThread "C1 CompilerThread2" daemon [_thread_blocked, id=4548, stack(0x00000000663f0000,0x00000000664f0000)]
  0x000000000791c000 JavaThread "C2 CompilerThread1" daemon [_thread_blocked, id=9744, stack(0x0000000066280000,0x0000000066380000)]
  0x0000000007915000 JavaThread "C2 CompilerThread0" daemon [_thread_blocked, id=6164, stack(0x0000000066110000,0x0000000066210000)]
  0x0000000007914000 JavaThread "Attach Listener" daemon [_thread_blocked, id=6472, stack(0x0000000065fe0000,0x00000000660e0000)]
  0x0000000007913000 JavaThread "Signal Dispatcher" daemon [_thread_blocked, id=7100, stack(0x0000000007cb0000,0x0000000007db0000)]
  0x00000000078f7800 JavaThread "Finalizer" daemon [_thread_blocked, id=3628, stack(0x0000000065e80000,0x0000000065f80000)]
  0x00000000078f4800 JavaThread "Reference Handler" daemon [_thread_blocked, id=10192, stack(0x0000000065d30000,0x0000000065e30000)]
  0x00000000003db000 JavaThread "main" [_thread_blocked, id=8388, stack(0x0000000002330000,0x0000000002430000)]

Other Threads:
=>0x00000000078e8000 VMThread "VM Thread" [stack: 0x0000000007bb0000,0x0000000007cb0000] [id=6392]
  0x0000000066933800 WatcherThread [stack: 0x0000000066c30000,0x0000000066d30000] [id=964]
  0x00000000003f3000 GCTaskThread "GC Thread#0" [stack: 0x00000000027b0000,0x00000000028b0000] [id=9136]
  0x00000000003f4800 GCTaskThread "GC Thread#1" [stack: 0x0000000002a80000,0x0000000002b80000] [id=9552]
  0x00000000003f8000 GCTaskThread "GC Thread#2" [stack: 0x0000000002c70000,0x0000000002d70000] [id=460]
  0x00000000003fb000 GCTaskThread "GC Thread#3" [stack: 0x0000000002e60000,0x0000000002f60000] [id=10252]
  0x000000000046c000 ConcurrentGCThread "G1 Main Marker" [stack: 0x0000000006a00000,0x0000000006b00000] [id=2192]
  0x000000000046e000 ConcurrentGCThread "G1 Marker#0" [stack: 0x0000000006bb0000,0x0000000006cb0000] [id=8692]
  0x0000000000401800 ConcurrentGCThread "G1 Refine#0" [stack: 0x0000000003570000,0x0000000003670000] [id=452]
  0x0000000000400000 ConcurrentGCThread "G1 Refine#1" [stack: 0x00000000036f0000,0x00000000037f0000] [id=8732]
  0x00000000003ff000 ConcurrentGCThread "G1 Refine#2" [stack: 0x0000000003340000,0x0000000003440000] [id=5660]
  0x00000000003fd800 ConcurrentGCThread "G1 Refine#3" [stack: 0x0000000003440000,0x0000000003540000] [id=1688]
  0x0000000000402800 ConcurrentGCThread "G1 Young RemSet Sampling" [stack: 0x0000000003920000,0x0000000003a20000] [id=9128]

Threads with active compile tasks:

VM state:at safepoint (normal execution)

VM Mutex/Monitor currently owned by a thread:  ([mutex/lock_event])
[0x00000000003d7cb0] Threads_lock - owner thread: 0x00000000078e8000

Heap address: 0x0000000085400000, size: 1964 MB, Compressed Oops mode: 32-bit
Narrow klass base: 0x0000000000000000, Narrow klass shift: 0
Compressed class space size: 1073741824 Address: 0x0000000025d30000

Heap:
 garbage-first heap   total 126976K, used 3072K [0x0000000085400000, 0x00000000855003e0, 0x0000000100000000)
  region size 1024K, 4 young (4096K), 0 survivors (0K)
 Metaspace       used 5096K, capacity 5192K, committed 5376K, reserved 1056768K
  class space    used 450K, capacity 496K, committed 512K, reserved 1048576K
Heap Regions: E=young(eden), S=young(survivor), O=old, HS=humongous(starts), HC=humongous(continues), CS=collection set, F=free, A=archive, TS=gc time stamp, AC=allocation context, TAMS=top-at-mark-start (previous, next)
|   0|0x0000000085400000, 0x0000000085400000, 0x0000000085500000|  0%| F|  |TS  0|AC  0|TAMS 0x0000000085400000, 0x0000000085400000|
|   1|0x0000000085500000, 0x0000000085500000, 0x0000000085600000|  0%| F|  |TS  0|AC  0|TAMS 0x0000000085500000, 0x0000000085500000|
|   2|0x0000000085600000, 0x0000000085600000, 0x0000000085700000|  0%| F|  |TS  0|AC  0|TAMS 0x0000000085600000, 0x0000000085600000|
|   3|0x0000000085700000, 0x0000000085700000, 0x0000000085800000|  0%| F|  |TS  0|AC  0|TAMS 0x0000000085700000, 0x0000000085700000|
|   4|0x0000000085800000, 0x0000000085800000, 0x0000000085900000|  0%| F|  |TS  0|AC  0|TAMS 0x0000000085800000, 0x0000000085800000|
|   5|0x0000000085900000, 0x0000000085900000, 0x0000000085a00000|  0%| F|  |TS  0|AC  0|TAMS 0x0000000085900000, 0x0000000085900000|
|   6|0x0000000085a00000, 0x0000000085a00000, 0x0000000085b00000|  0%| F|  |TS  0|AC  0|TAMS 0x0000000085a00000, 0x0000000085a00000|
|   7|0x0000000085b00000, 0x0000000085b00000, 0x0000000085c00000|  0%| F|  |TS  0|AC  0|TAMS 0x0000000085b00000, 0x0000000085b00000|
|   8|0x0000000085c00000, 0x0000000085c00000, 0x0000000085d00000|  0%| F|  |TS  0|AC  0|TAMS 0x0000000085c00000, 0x0000000085c00000|
|   9|0x0000000085d00000, 0x0000000085d00000, 0x0000000085e00000|  0%| F|  |TS  0|AC  0|TAMS 0x0000000085d00000, 0x0000000085d00000|
|  10|0x0000000085e00000, 0x0000000085e00000, 0x0000000085f00000|  0%| F|  |TS  0|AC  0|TAMS 0x0000000085e00000, 0x0000000085e00000|
|  11|0x0000000085f00000, 0x0000000085f00000, 0x0000000086000000|  0%| F|  |TS  0|AC  0|TAMS 0x0000000085f00000, 0x0000000085f00000|
|  12|0x0000000086000000, 0x0000000086000000, 0x0000000086100000|  0%| F|  |TS  0|AC  0|TAMS 0x0000000086000000, 0x0000000086000000|
|  13|0x0000000086100000, 0x0000000086100000, 0x0000000086200000|  0%| F|  |TS  0|AC  0|TAMS 0x0000000086100000, 0x0000000086100000|
|  14|0x0000000086200000, 0x0000000086200000, 0x0000000086300000|  0%| F|  |TS  0|AC  0|TAMS 0x0000000086200000, 0x0000000086200000|
|  15|0x0000000086300000, 0x0000000086300000, 0x0000000086400000|  0%| F|  |TS  0|AC  0|TAMS 0x0000000086300000, 0x0000000086300000|
|  16|0x0000000086400000, 0x0000000086400000, 0x0000000086500000|  0%| F|  |TS  0|AC  0|TAMS 0x0000000086400000, 0x0000000086400000|
|  17|0x0000000086500000, 0x0000000086500000, 0x0000000086600000|  0%| F|  |TS  0|AC  0|TAMS 0x0000000086500000, 0x0000000086500000|
|  18|0x0000000086600000, 0x0000000086600000, 0x0000000086700000|  0%| F|  |TS  0|AC  0|TAMS 0x0000000086600000, 0x0000000086600000|
|  19|0x0000000086700000, 0x0000000086700000, 0x0000000086800000|  0%| F|  |TS  0|AC  0|TAMS 0x0000000086700000, 0x0000000086700000|
|  20|0x0000000086800000, 0x0000000086800000, 0x0000000086900000|  0%| F|  |TS  0|AC  0|TAMS 0x0000000086800000, 0x0000000086800000|
|  21|0x0000000086900000, 0x0000000086900000, 0x0000000086a00000|  0%| F|  |TS  0|AC  0|TAMS 0x0000000086900000, 0x0000000086900000|
|  22|0x0000000086a00000, 0x0000000086a00000, 0x0000000086b00000|  0%| F|  |TS  0|AC  0|TAMS 0x0000000086a00000, 0x0000000086a00000|
|  23|0x0000000086b00000, 0x0000000086b00000, 0x0000000086c00000|  0%| F|  |TS  0|AC  0|TAMS 0x0000000086b00000, 0x0000000086b00000|
|  24|0x0000000086c00000, 0x0000000086c00000, 0x0000000086d00000|  0%| F|  |TS  0|AC  0|TAMS 0x0000000086c00000, 0x0000000086c00000|
|  25|0x0000000086d00000, 0x0000000086d00000, 0x0000000086e00000|  0%| F|  |TS  0|AC  0|TAMS 0x0000000086d00000, 0x0000000086d00000|
|  26|0x0000000086e00000, 0x0000000086e00000, 0x0000000086f00000|  0%| F|  |TS  0|AC  0|TAMS 0x0000000086e00000, 0x0000000086e00000|
|  27|0x0000000086f00000, 0x0000000086f00000, 0x0000000087000000|  0%| F|  |TS  0|AC  0|TAMS 0x0000000086f00000, 0x0000000086f00000|
|  28|0x0000000087000000, 0x0000000087000000, 0x0000000087100000|  0%| F|  |TS  0|AC  0|TAMS 0x0000000087000000, 0x0000000087000000|
|  29|0x0000000087100000, 0x0000000087100000, 0x0000000087200000|  0%| F|  |TS  0|AC  0|TAMS 0x0000000087100000, 0x0000000087100000|
|  30|0x0000000087200000, 0x0000000087200000, 0x0000000087300000|  0%| F|  |TS  0|AC  0|TAMS 0x0000000087200000, 0x0000000087200000|
|  31|0x0000000087300000, 0x0000000087300000, 0x0000000087400000|  0%| F|  |TS  0|AC  0|TAMS 0x0000000087300000, 0x0000000087300000|
|  32|0x0000000087400000, 0x0000000087400000, 0x0000000087500000|  0%| F|  |TS  0|AC  0|TAMS 0x0000000087400000, 0x0000000087400000|
|  33|0x0000000087500000, 0x0000000087500000, 0x0000000087600000|  0%| F|  |TS  0|AC  0|TAMS 0x0000000087500000, 0x0000000087500000|
|  34|0x0000000087600000, 0x0000000087600000, 0x0000000087700000|  0%| F|  |TS  0|AC  0|TAMS 0x0000000087600000, 0x0000000087600000|
|  35|0x0000000087700000, 0x0000000087700000, 0x0000000087800000|  0%| F|  |TS  0|AC  0|TAMS 0x0000000087700000, 0x0000000087700000|
|  36|0x0000000087800000, 0x0000000087800000, 0x0000000087900000|  0%| F|  |TS  0|AC  0|TAMS 0x0000000087800000, 0x0000000087800000|
|  37|0x0000000087900000, 0x0000000087900000, 0x0000000087a00000|  0%| F|  |TS  0|AC  0|TAMS 0x0000000087900000, 0x0000000087900000|
|  38|0x0000000087a00000, 0x0000000087a00000, 0x0000000087b00000|  0%| F|  |TS  0|AC  0|TAMS 0x0000000087a00000, 0x0000000087a00000|
|  39|0x0000000087b00000, 0x0000000087b00000, 0x0000000087c00000|  0%| F|  |TS  0|AC  0|TAMS 0x0000000087b00000, 0x0000000087b00000|
|  40|0x0000000087c00000, 0x0000000087c00000, 0x0000000087d00000|  0%| F|  |TS  0|AC  0|TAMS 0x0000000087c00000, 0x0000000087c00000|
|  41|0x0000000087d00000, 0x0000000087d00000, 0x0000000087e00000|  0%| F|  |TS  0|AC  0|TAMS 0x0000000087d00000, 0x0000000087d00000|
|  42|0x0000000087e00000, 0x0000000087e00000, 0x0000000087f00000|  0%| F|  |TS  0|AC  0|TAMS 0x0000000087e00000, 0x0000000087e00000|
|  43|0x0000000087f00000, 0x0000000087f00000, 0x0000000088000000|  0%| F|  |TS  0|AC  0|TAMS 0x0000000087f00000, 0x0000000087f00000|
|  44|0x0000000088000000, 0x0000000088000000, 0x0000000088100000|  0%| F|  |TS  0|AC  0|TAMS 0x0000000088000000, 0x0000000088000000|
|  45|0x0000000088100000, 0x0000000088100000, 0x0000000088200000|  0%| F|  |TS  0|AC  0|TAMS 0x0000000088100000, 0x0000000088100000|
|  46|0x0000000088200000, 0x0000000088200000, 0x0000000088300000|  0%| F|  |TS  0|AC  0|TAMS 0x0000000088200000, 0x0000000088200000|
|  47|0x0000000088300000, 0x0000000088300000, 0x0000000088400000|  0%| F|  |TS  0|AC  0|TAMS 0x0000000088300000, 0x0000000088300000|
|  48|0x0000000088400000, 0x0000000088400000, 0x0000000088500000|  0%| F|  |TS  0|AC  0|TAMS 0x0000000088400000, 0x0000000088400000|
|  49|0x0000000088500000, 0x0000000088500000, 0x0000000088600000|  0%| F|  |TS  0|AC  0|TAMS 0x0000000088500000, 0x0000000088500000|
|  50|0x0000000088600000, 0x0000000088600000, 0x0000000088700000|  0%| F|  |TS  0|AC  0|TAMS 0x0000000088600000, 0x0000000088600000|
|  51|0x0000000088700000, 0x0000000088700000, 0x0000000088800000|  0%| F|  |TS  0|AC  0|TAMS 0x0000000088700000, 0x0000000088700000|
|  52|0x0000000088800000, 0x0000000088800000, 0x0000000088900000|  0%| F|  |TS  0|AC  0|TAMS 0x0000000088800000, 0x0000000088800000|
|  53|0x0000000088900000, 0x0000000088900000, 0x0000000088a00000|  0%| F|  |TS  0|AC  0|TAMS 0x0000000088900000, 0x0000000088900000|
|  54|0x0000000088a00000, 0x0000000088a00000, 0x0000000088b00000|  0%| F|  |TS  0|AC  0|TAMS 0x0000000088a00000, 0x0000000088a00000|
|  55|0x0000000088b00000, 0x0000000088b00000, 0x0000000088c00000|  0%| F|  |TS  0|AC  0|TAMS 0x0000000088b00000, 0x0000000088b00000|
|  56|0x0000000088c00000, 0x0000000088c00000, 0x0000000088d00000|  0%| F|  |TS  0|AC  0|TAMS 0x0000000088c00000, 0x0000000088c00000|
|  57|0x0000000088d00000, 0x0000000088d00000, 0x0000000088e00000|  0%| F|  |TS  0|AC  0|TAMS 0x0000000088d00000, 0x0000000088d00000|
|  58|0x0000000088e00000, 0x0000000088e00000, 0x0000000088f00000|  0%| F|  |TS  0|AC  0|TAMS 0x0000000088e00000, 0x0000000088e00000|
|  59|0x0000000088f00000, 0x0000000088f00000, 0x0000000089000000|  0%| F|  |TS  0|AC  0|TAMS 0x0000000088f00000, 0x0000000088f00000|
|  60|0x0000000089000000, 0x0000000089000000, 0x0000000089100000|  0%| F|  |TS  0|AC  0|TAMS 0x0000000089000000, 0x0000000089000000|
|  61|0x0000000089100000, 0x0000000089100000, 0x0000000089200000|  0%| F|  |TS  0|AC  0|TAMS 0x0000000089100000, 0x0000000089100000|
|  62|0x0000000089200000, 0x0000000089200000, 0x0000000089300000|  0%| F|  |TS  0|AC  0|TAMS 0x0000000089200000, 0x0000000089200000|
|  63|0x0000000089300000, 0x0000000089300000, 0x0000000089400000|  0%| F|  |TS  0|AC  0|TAMS 0x0000000089300000, 0x0000000089300000|
|  64|0x0000000089400000, 0x0000000089400000, 0x0000000089500000|  0%| F|  |TS  0|AC  0|TAMS 0x0000000089400000, 0x0000000089400000|
|  65|0x0000000089500000, 0x0000000089500000, 0x0000000089600000|  0%| F|  |TS  0|AC  0|TAMS 0x0000000089500000, 0x0000000089500000|
|  66|0x0000000089600000, 0x0000000089600000, 0x0000000089700000|  0%| F|  |TS  0|AC  0|TAMS 0x0000000089600000, 0x0000000089600000|
|  67|0x0000000089700000, 0x0000000089700000, 0x0000000089800000|  0%| F|  |TS  0|AC  0|TAMS 0x0000000089700000, 0x0000000089700000|
|  68|0x0000000089800000, 0x0000000089800000, 0x0000000089900000|  0%| F|  |TS  0|AC  0|TAMS 0x0000000089800000, 0x0000000089800000|
|  69|0x0000000089900000, 0x0000000089900000, 0x0000000089a00000|  0%| F|  |TS  0|AC  0|TAMS 0x0000000089900000, 0x0000000089900000|
|  70|0x0000000089a00000, 0x0000000089a00000, 0x0000000089b00000|  0%| F|  |TS  0|AC  0|TAMS 0x0000000089a00000, 0x0000000089a00000|
|  71|0x0000000089b00000, 0x0000000089b00000, 0x0000000089c00000|  0%| F|  |TS  0|AC  0|TAMS 0x0000000089b00000, 0x0000000089b00000|
|  72|0x0000000089c00000, 0x0000000089c00000, 0x0000000089d00000|  0%| F|  |TS  0|AC  0|TAMS 0x0000000089c00000, 0x0000000089c00000|
|  73|0x0000000089d00000, 0x0000000089d00000, 0x0000000089e00000|  0%| F|  |TS  0|AC  0|TAMS 0x0000000089d00000, 0x0000000089d00000|
|  74|0x0000000089e00000, 0x0000000089e00000, 0x0000000089f00000|  0%| F|  |TS  0|AC  0|TAMS 0x0000000089e00000, 0x0000000089e00000|
|  75|0x0000000089f00000, 0x0000000089f00000, 0x000000008a000000|  0%| F|  |TS  0|AC  0|TAMS 0x0000000089f00000, 0x0000000089f00000|
|  76|0x000000008a000000, 0x000000008a000000, 0x000000008a100000|  0%| F|  |TS  0|AC  0|TAMS 0x000000008a000000, 0x000000008a000000|
|  77|0x000000008a100000, 0x000000008a100000, 0x000000008a200000|  0%| F|  |TS  0|AC  0|TAMS 0x000000008a100000, 0x000000008a100000|
|  78|0x000000008a200000, 0x000000008a200000, 0x000000008a300000|  0%| F|  |TS  0|AC  0|TAMS 0x000000008a200000, 0x000000008a200000|
|  79|0x000000008a300000, 0x000000008a300000, 0x000000008a400000|  0%| F|  |TS  0|AC  0|TAMS 0x000000008a300000, 0x000000008a300000|
|  80|0x000000008a400000, 0x000000008a400000, 0x000000008a500000|  0%| F|  |TS  0|AC  0|TAMS 0x000000008a400000, 0x000000008a400000|
|  81|0x000000008a500000, 0x000000008a500000, 0x000000008a600000|  0%| F|  |TS  0|AC  0|TAMS 0x000000008a500000, 0x000000008a500000|
|  82|0x000000008a600000, 0x000000008a600000, 0x000000008a700000|  0%| F|  |TS  0|AC  0|TAMS 0x000000008a600000, 0x000000008a600000|
|  83|0x000000008a700000, 0x000000008a700000, 0x000000008a800000|  0%| F|  |TS  0|AC  0|TAMS 0x000000008a700000, 0x000000008a700000|
|  84|0x000000008a800000, 0x000000008a800000, 0x000000008a900000|  0%| F|  |TS  0|AC  0|TAMS 0x000000008a800000, 0x000000008a800000|
|  85|0x000000008a900000, 0x000000008a900000, 0x000000008aa00000|  0%| F|  |TS  0|AC  0|TAMS 0x000000008a900000, 0x000000008a900000|
|  86|0x000000008aa00000, 0x000000008aa00000, 0x000000008ab00000|  0%| F|  |TS  0|AC  0|TAMS 0x000000008aa00000, 0x000000008aa00000|
|  87|0x000000008ab00000, 0x000000008ab00000, 0x000000008ac00000|  0%| F|  |TS  0|AC  0|TAMS 0x000000008ab00000, 0x000000008ab00000|
|  88|0x000000008ac00000, 0x000000008ac00000, 0x000000008ad00000|  0%| F|  |TS  0|AC  0|TAMS 0x000000008ac00000, 0x000000008ac00000|
|  89|0x000000008ad00000, 0x000000008ad00000, 0x000000008ae00000|  0%| F|  |TS  0|AC  0|TAMS 0x000000008ad00000, 0x000000008ad00000|
|  90|0x000000008ae00000, 0x000000008ae00000, 0x000000008af00000|  0%| F|  |TS  0|AC  0|TAMS 0x000000008ae00000, 0x000000008ae00000|
|  91|0x000000008af00000, 0x000000008af00000, 0x000000008b000000|  0%| F|  |TS  0|AC  0|TAMS 0x000000008af00000, 0x000000008af00000|
|  92|0x000000008b000000, 0x000000008b000000, 0x000000008b100000|  0%| F|  |TS  0|AC  0|TAMS 0x000000008b000000, 0x000000008b000000|
|  93|0x000000008b100000, 0x000000008b100000, 0x000000008b200000|  0%| F|  |TS  0|AC  0|TAMS 0x000000008b100000, 0x000000008b100000|
|  94|0x000000008b200000, 0x000000008b200000, 0x000000008b300000|  0%| F|  |TS  0|AC  0|TAMS 0x000000008b200000, 0x000000008b200000|
|  95|0x000000008b300000, 0x000000008b300000, 0x000000008b400000|  0%| F|  |TS  0|AC  0|TAMS 0x000000008b300000, 0x000000008b300000|
|  96|0x000000008b400000, 0x000000008b400000, 0x000000008b500000|  0%| F|  |TS  0|AC  0|TAMS 0x000000008b400000, 0x000000008b400000|
|  97|0x000000008b500000, 0x000000008b500000, 0x000000008b600000|  0%| F|  |TS  0|AC  0|TAMS 0x000000008b500000, 0x000000008b500000|
|  98|0x000000008b600000, 0x000000008b600000, 0x000000008b700000|  0%| F|  |TS  0|AC  0|TAMS 0x000000008b600000, 0x000000008b600000|
|  99|0x000000008b700000, 0x000000008b700000, 0x000000008b800000|  0%| F|  |TS  0|AC  0|TAMS 0x000000008b700000, 0x000000008b700000|
| 100|0x000000008b800000, 0x000000008b800000, 0x000000008b900000|  0%| F|  |TS  0|AC  0|TAMS 0x000000008b800000, 0x000000008b800000|
| 101|0x000000008b900000, 0x000000008b900000, 0x000000008ba00000|  0%| F|  |TS  0|AC  0|TAMS 0x000000008b900000, 0x000000008b900000|
| 102|0x000000008ba00000, 0x000000008ba00000, 0x000000008bb00000|  0%| F|  |TS  0|AC  0|TAMS 0x000000008ba00000, 0x000000008ba00000|
| 103|0x000000008bb00000, 0x000000008bb00000, 0x000000008bc00000|  0%| F|  |TS  0|AC  0|TAMS 0x000000008bb00000, 0x000000008bb00000|
| 104|0x000000008bc00000, 0x000000008bc00000, 0x000000008bd00000|  0%| F|  |TS  0|AC  0|TAMS 0x000000008bc00000, 0x000000008bc00000|
| 105|0x000000008bd00000, 0x000000008bd00000, 0x000000008be00000|  0%| F|  |TS  0|AC  0|TAMS 0x000000008bd00000, 0x000000008bd00000|
| 106|0x000000008be00000, 0x000000008be00000, 0x000000008bf00000|  0%| F|  |TS  0|AC  0|TAMS 0x000000008be00000, 0x000000008be00000|
| 107|0x000000008bf00000, 0x000000008bf00000, 0x000000008c000000|  0%| F|  |TS  0|AC  0|TAMS 0x000000008bf00000, 0x000000008bf00000|
| 108|0x000000008c000000, 0x000000008c000000, 0x000000008c100000|  0%| F|  |TS  0|AC  0|TAMS 0x000000008c000000, 0x000000008c000000|
| 109|0x000000008c100000, 0x000000008c100000, 0x000000008c200000|  0%| F|  |TS  0|AC  0|TAMS 0x000000008c100000, 0x000000008c100000|
| 110|0x000000008c200000, 0x000000008c200000, 0x000000008c300000|  0%| F|  |TS  0|AC  0|TAMS 0x000000008c200000, 0x000000008c200000|
| 111|0x000000008c300000, 0x000000008c300000, 0x000000008c400000|  0%| F|  |TS  0|AC  0|TAMS 0x000000008c300000, 0x000000008c300000|
| 112|0x000000008c400000, 0x000000008c400000, 0x000000008c500000|  0%| F|  |TS  0|AC  0|TAMS 0x000000008c400000, 0x000000008c400000|
| 113|0x000000008c500000, 0x000000008c500000, 0x000000008c600000|  0%| F|  |TS  0|AC  0|TAMS 0x000000008c500000, 0x000000008c500000|
| 114|0x000000008c600000, 0x000000008c600000, 0x000000008c700000|  0%| F|  |TS  0|AC  0|TAMS 0x000000008c600000, 0x000000008c600000|
| 115|0x000000008c700000, 0x000000008c700000, 0x000000008c800000|  0%| F|  |TS  0|AC  0|TAMS 0x000000008c700000, 0x000000008c700000|
| 116|0x000000008c800000, 0x000000008c800000, 0x000000008c900000|  0%| F|  |TS  0|AC  0|TAMS 0x000000008c800000, 0x000000008c800000|
| 117|0x000000008c900000, 0x000000008c900000, 0x000000008ca00000|  0%| F|  |TS  0|AC  0|TAMS 0x000000008c900000, 0x000000008c900000|
| 118|0x000000008ca00000, 0x000000008ca00000, 0x000000008cb00000|  0%| F|  |TS  0|AC  0|TAMS 0x000000008ca00000, 0x000000008ca00000|
| 119|0x000000008cb00000, 0x000000008cb00000, 0x000000008cc00000|  0%| F|  |TS  0|AC  0|TAMS 0x000000008cb00000, 0x000000008cb00000|
| 120|0x000000008cc00000, 0x000000008cc48300, 0x000000008cd00000| 28%| E|  |TS  0|AC  0|TAMS 0x000000008cc00000, 0x000000008cc00000|
| 121|0x000000008cd00000, 0x000000008ce00000, 0x000000008ce00000|100%| E|CS|TS  0|AC  0|TAMS 0x000000008cd00000, 0x000000008cd00000|
| 122|0x000000008ce00000, 0x000000008cf00000, 0x000000008cf00000|100%| E|CS|TS  0|AC  0|TAMS 0x000000008ce00000, 0x000000008ce00000|
| 123|0x000000008cf00000, 0x000000008d000000, 0x000000008d000000|100%| E|CS|TS  0|AC  0|TAMS 0x000000008cf00000, 0x000000008cf00000|

Card table byte_map: [0x00000000041e0000,0x00000000045c0000] byte_map_base: 0x0000000003db6000

Marking Bits (Prev, Next): (CMBitMap*) 0x000000000046b3e0, (CMBitMap*) 0x000000000046b418
 Prev Bits: [0x00000000049a0000, 0x0000000006850000)
 Next Bits: [0x0000000021e80000, 0x0000000023d30000)

Polling page: 0x00000000000f0000

CodeHeap 'non-profiled nmethods': size=120064Kb used=52Kb max_used=52Kb free=120012Kb
 bounds [0x000000001a940000, 0x000000001abb0000, 0x0000000021e80000]
CodeHeap 'profiled nmethods': size=120000Kb used=169Kb max_used=169Kb free=119830Kb
 bounds [0x0000000013410000, 0x0000000013680000, 0x000000001a940000]
CodeHeap 'non-nmethods': size=5696Kb used=1157Kb max_used=1167Kb free=4538Kb
 bounds [0x0000000012e80000, 0x00000000130f0000, 0x0000000013410000]
 total_blobs=507 nmethods=150 adapters=208
 compilation: enabled

Compilation events (10 events):
Event: 0.455 Thread 0x000000000791c800  146       3       java.lang.CharacterDataLatin1::toUpperCase (53 bytes)
Event: 0.456 Thread 0x000000000791c800 nmethod 146 0x0000000013439090 code [0x0000000013439240, 0x0000000013439510]
Event: 0.456 Thread 0x000000000791c800  147       3       java.util.TreeMap::parentOf (13 bytes)
Event: 0.456 Thread 0x000000000791c800 nmethod 147 0x0000000013439610 code [0x00000000134397c0, 0x0000000013439950]
Event: 0.459 Thread 0x000000000791c800  148       3       java.lang.String::charAt (25 bytes)
Event: 0.459 Thread 0x000000000791c800 nmethod 148 0x0000000013439a10 code [0x0000000013439c20, 0x000000001343a198]
Event: 0.459 Thread 0x000000000791c800  150       3       java.lang.System::getSecurityManager (4 bytes)
Event: 0.459 Thread 0x000000000791c800 nmethod 150 0x000000001343a410 code [0x000000001343a5c0, 0x000000001343a6f0]
Event: 0.459 Thread 0x000000000791c800  149       1       java.net.URL::getProtocol (5 bytes)
Event: 0.459 Thread 0x000000000791c800 nmethod 149 0x000000001a94cc90 code [0x000000001a94ce40, 0x000000001a94cf50]

GC Heap History (0 events):
No events

Deoptimization events (1 events):
Event: 0.457 Thread 0x00000000003db000 Uncommon trap: reason=unstable_if action=reinterpret pc=0x000000001a94a96c method=java.lang.String.charAt(I)C @ 4 c2

Classes redefined (7 events):
Event: 3013.593 Thread 0x00000000078e8000 redefined class name=com.javarush.task.task20.task2027.Solution, count=1
Event: 3230.628 Thread 0x00000000078e8000 redefined class name=com.javarush.task.task20.task2027.Solution, count=2
Event: 3290.049 Thread 0x00000000078e8000 redefined class name=com.javarush.task.task20.task2027.Solution, count=3
Event: 3366.237 Thread 0x00000000078e8000 redefined class name=com.javarush.task.task20.task2027.Solution, count=4
Event: 4227.773 Thread 0x00000000078e8000 redefined class name=com.javarush.task.task20.task2027.Solution, count=5
Event: 4579.638 Thread 0x00000000078e8000 redefined class name=com.javarush.task.task20.task2027.Solution, count=6
Event: 4903.671 Thread 0x00000000078e8000 redefined class name=com.javarush.task.task20.task2027.Solution, count=7

Internal exceptions (0 events):
No events

Events (10 events):
Event: 4903.684 Executing VM operation: ChangeBreakpoints done
Event: 4903.685 Executing VM operation: ChangeBreakpoints
Event: 4903.685 Executing VM operation: ChangeBreakpoints done
Event: 4903.717 Executing VM operation: ChangeBreakpoints
Event: 4903.717 Executing VM operation: ChangeBreakpoints done
Event: 4903.757 Executing VM operation: GetFrameCount
Event: 4903.757 Executing VM operation: GetFrameCount done
Event: 4903.757 Executing VM operation: GetFrameLocation
Event: 4903.757 Executing VM operation: GetFrameLocation done
Event: 4903.812 Executing VM operation: GetOrSetLocal


Dynamic libraries:
0x000000013f3a0000 - 0x000000013f3de000 	C:\Program Files\Java\jdk-9.0.4\bin\java.exe
0x0000000077bc0000 - 0x0000000077d5f000 	C:\windows\SYSTEM32\ntdll.dll
0x00000000779a0000 - 0x0000000077abf000 	C:\windows\system32\kernel32.dll
0x000007fefdbe0000 - 0x000007fefdc4a000 	C:\windows\system32\KERNELBASE.dll
0x000007fefe6b0000 - 0x000007fefe78b000 	C:\windows\system32\ADVAPI32.dll
0x000007fefe610000 - 0x000007fefe6af000 	C:\windows\system32\msvcrt.dll
0x000007fefe430000 - 0x000007fefe44f000 	C:\windows\SYSTEM32\sechost.dll
0x000007fefef70000 - 0x000007feff09d000 	C:\windows\system32\RPCRT4.dll
0x0000000077ac0000 - 0x0000000077bba000 	C:\windows\system32\USER32.dll
0x000007fefdc60000 - 0x000007fefdcc7000 	C:\windows\system32\GDI32.dll
0x000007fefdc50000 - 0x000007fefdc5e000 	C:\windows\system32\LPK.dll
0x000007fefdcd0000 - 0x000007fefdd9b000 	C:\windows\system32\USP10.dll
0x000007fefc240000 - 0x000007fefc434000 	C:\windows\WinSxS\amd64_microsoft.windows.common-controls_6595b64144ccf1df_6.0.7601.18837_none_fa3b1e3d17594757\COMCTL32.dll
0x000007fefe450000 - 0x000007fefe4c1000 	C:\windows\system32\SHLWAPI.dll
0x000007fefc960000 - 0x000007fefc96c000 	C:\windows\system32\VERSION.dll
0x000007fefef40000 - 0x000007fefef6e000 	C:\windows\system32\IMM32.DLL
0x000007fefe7f0000 - 0x000007fefe8f9000 	C:\windows\system32\MSCTF.dll
0x000007fee0610000 - 0x000007fee06ff000 	C:\Program Files\Java\jdk-9.0.4\bin\msvcr120.dll
0x000007fee1c70000 - 0x000007fee1d16000 	C:\Program Files\Java\jdk-9.0.4\bin\msvcp120.dll
0x0000000007e00000 - 0x0000000008825000 	C:\Program Files\Java\jdk-9.0.4\bin\server\jvm.dll
0x000007fef9b70000 - 0x000007fef9b79000 	C:\windows\system32\WSOCK32.dll
0x000007fefe4d0000 - 0x000007fefe51d000 	C:\windows\system32\WS2_32.dll
0x000007fefe520000 - 0x000007fefe528000 	C:\windows\system32\NSI.dll
0x000007fef7080000 - 0x000007fef70bb000 	C:\windows\system32\WINMM.dll
0x0000000077d70000 - 0x0000000077d77000 	C:\windows\system32\PSAPI.DLL
0x000007fef9b60000 - 0x000007fef9b6f000 	C:\Program Files\Java\jdk-9.0.4\bin\verify.dll
0x000007fef5220000 - 0x000007fef5247000 	C:\Program Files\Java\jdk-9.0.4\bin\java.dll
0x000007fee7400000 - 0x000007fee7436000 	C:\Program Files\Java\jdk-9.0.4\bin\jdwp.dll
0x000007fef5110000 - 0x000007fef513a000 	C:\Program Files\Java\jdk-9.0.4\bin\instrument.dll
0x000007fef61a0000 - 0x000007fef61b6000 	C:\Program Files\Java\jdk-9.0.4\bin\zip.dll
0x000007fef9b50000 - 0x000007fef9b5a000 	C:\Program Files\Java\jdk-9.0.4\bin\jimage.dll
0x000007feff120000 - 0x000007feffeab000 	C:\windows\system32\SHELL32.dll
0x000007fefdda0000 - 0x000007fefdf9d000 	C:\windows\system32\ole32.dll
0x000007fefd8a0000 - 0x000007fefd8af000 	C:\windows\system32\profapi.dll
0x000007fef5ff0000 - 0x000007fef600a000 	C:\Program Files\Java\jdk-9.0.4\bin\net.dll
0x000007fefa080000 - 0x000007fefa0f1000 	C:\windows\system32\WINHTTP.dll
0x000007fefa010000 - 0x000007fefa075000 	C:\windows\system32\webio.dll
0x000007fefd020000 - 0x000007fefd075000 	C:\windows\system32\mswsock.dll
0x000007fefd010000 - 0x000007fefd017000 	C:\windows\System32\wship6.dll
0x000007fef5200000 - 0x000007fef5211000 	C:\Program Files\Java\jdk-9.0.4\bin\nio.dll
0x000007fefa5e0000 - 0x000007fefa5ea000 	C:\Program Files\Java\jdk-9.0.4\bin\dt_socket.dll
0x000007fefca30000 - 0x000007fefca37000 	C:\windows\System32\wshtcpip.dll
0x000007fef7a70000 - 0x000007fef7b95000 	C:\windows\system32\dbghelp.dll

VM Arguments:
jvm_args: -agentlib:jdwp=transport=dt_socket,address=127.0.0.1:65406,suspend=y,server=n -javaagent:C:\Users\AButuzov\.IdeaIC2018.1\system\captureAgent\debugger-agent.jar=file:/C:/Tmp/capture.props -Dfile.encoding=UTF-8 
java_command: com.javarush.task.task20.task2027.Solution
java_class_path (initial): C:\_nout\java\rush\JavaRushTasks\out\production\2.JavaCore;C:\Program Files\JetBrains\IntelliJ IDEA Community Edition 2018.1.1\lib\idea_rt.jar
Launcher Type: SUN_STANDARD

Logging:
Log output configuration:
#0: stdout all=warning uptime,level,tags
#1: stderr all=off uptime,level,tags

Environment Variables:
JAVA_HOME=C:\Program Files\Java\jdk-9.0.4
PATH=C:\sonarqube\sonar-scanner-3.1.0.1141-windows\bin\;C:\Program Files (x86)\Common Files\Oracle\Java\javapath;C:\windows\system32;C:\windows;C:\windows\System32\Wbem;C:\windows\System32\WindowsPowerShell\v1.0\;C:\sonarqube\sonar-scanner-3.0.3.778-windows\bin\;C:\sonarqube\sonarqube-7.0;c:\ProgramData\chocoportable\bin;;C:\windows\System32\WindowsPowerShell\v1.0\;C:\windows\System32\WindowsPowerShell\v1.0\
USERNAME=AButuzov
OS=Windows_NT
PROCESSOR_IDENTIFIER=Intel64 Family 6 Model 78 Stepping 3, GenuineIntel



---------------  S Y S T E M  ---------------

OS: Windows 7 , 64 bit Build 7601 (6.1.7601.24024)

CPU:total 4 (initial active 4) (2 cores per cpu, 2 threads per core) family 6 model 78 stepping 3, cmov, cx8, fxsr, mmx, sse, sse2, sse3, ssse3, sse4.1, sse4.2, popcnt, avx, avx2, aes, clmul, erms, 3dnowpref, lzcnt, ht, tsc, tscinvbit, bmi1, bmi2, adx, fma

Memory: 4k page, physical 8043960k(1475996k free), swap 12758628k(2919156k free)

vm_info: Java HotSpot(TM) 64-Bit Server VM (9.0.4+11) for windows-amd64 JRE (9.0.4+11), built on Dec 20 2017 02:18:54 by "mach5one" with MS VC++ 12.0 (VS2013)

END.
