#
# A fatal error has been detected by the Java Runtime Environment:
#
#  EXCEPTION_ACCESS_VIOLATION (0xc0000005) at pc=0x0000000007fb0f27, pid=7848, tid=8356
#
# JRE version: Java(TM) SE Runtime Environment (9.0+11) (build 9.0.4+11)
# Java VM: Java HotSpot(TM) 64-Bit Server VM (9.0.4+11, mixed mode, tiered, compressed oops, g1 gc, windows-amd64)
# Problematic frame:
# V  [jvm.dll+0x1b0f27]
#
# No core dump will be written. Minidumps are not enabled by default on client versions of Windows
#
# If you would like to submit a bug report, please visit:
#   http://bugreport.java.com/bugreport/crash.jsp
#

---------------  S U M M A R Y ------------

Command Line: -agentlib:jdwp=transport=dt_socket,address=127.0.0.1:53489,suspend=y,server=n -javaagent:C:\Tmp\capturejars\debugger-agent.jar=file:/C:/Tmp/capture.props -Dfile.encoding=UTF-8 com.javarush.task.task20.task2027.Solution

Host: Intel(R) Core(TM) i5-6200U CPU @ 2.30GHz, 4 cores, 7G,  Windows 7 , 64 bit Build 7601 (6.1.7601.24024)
Time: Thu May 03 14:02:38 2018 RTZ 2 (ceia) elapsed time: 1987 seconds (0d 0h 33m 7s)

---------------  T H R E A D  ---------------

Current thread (0x0000000007601000):  VMThread "VM Thread" [stack: 0x00000000078e0000,0x00000000079e0000] [id=8356]

Stack: [0x00000000078e0000,0x00000000079e0000],  sp=0x00000000079dec40,  free space=1019k
Native frames: (J=compiled Java code, j=interpreted, Vv=VM code, C=native code)
V  [jvm.dll+0x1b0f27]
V  [jvm.dll+0x32afa6]
V  [jvm.dll+0x32a2e7]
V  [jvm.dll+0x32a285]
V  [jvm.dll+0x29694d]
V  [jvm.dll+0x2967e1]
V  [jvm.dll+0x296b5d]
V  [jvm.dll+0x296ba9]
V  [jvm.dll+0x2f8791]
V  [jvm.dll+0x2f7331]
V  [jvm.dll+0x2f6780]
V  [jvm.dll+0x2f3e55]
V  [jvm.dll+0x2f3293]
V  [jvm.dll+0x5784ff]
V  [jvm.dll+0x57880c]
V  [jvm.dll+0x5786b3]
V  [jvm.dll+0x578eac]
V  [jvm.dll+0x5470aa]
V  [jvm.dll+0x465311]
V  [jvm.dll+0x6a366b]
V  [jvm.dll+0x6a1e05]
V  [jvm.dll+0x6a25e1]
V  [jvm.dll+0x6a28cc]
V  [jvm.dll+0x586490]
C  [msvcr120.dll+0x24f7f]
C  [msvcr120.dll+0x25126]
C  [kernel32.dll+0x159cd]
C  [ntdll.dll+0x5383d]


siginfo: EXCEPTION_ACCESS_VIOLATION (0xc0000005), reading address 0x0000000000000090


Register to memory mapping:

RIP=0x0000000007fb0f27 jvm.dll
RAX=0x0000000000000080 is an unknown value
RBX=0x0000000000000000 is an unknown value
RCX=0x00000000079dece0 is an unknown value
RDX=0x0000000000000000 is an unknown value
RSP=0x00000000079dec40 is an unknown value
RBP=0x00000000079ded29 is an unknown value
RSI=0x0000000000000000 is an unknown value
RDI=0x00000000079dece0 is an unknown value
R8 =0x0000000006cf0088 is pointing into metadata
R9 =0x000000000355e930 is an unknown value
R10=0x000000002bc5d3d5 is an unknown value
R11=0x00000000079def58 is an unknown value
R12=0x00000000079df801 is an unknown value
R13=0x0000000000000000 is an unknown value
R14=0x0000000000000000 is an unknown value
R15=0x00000000000000c8 is an unknown value


Registers:
RAX=0x0000000000000080, RBX=0x0000000000000000, RCX=0x00000000079dece0, RDX=0x0000000000000000
RSP=0x00000000079dec40, RBP=0x00000000079ded29, RSI=0x0000000000000000, RDI=0x00000000079dece0
R8 =0x0000000006cf0088, R9 =0x000000000355e930, R10=0x000000002bc5d3d5, R11=0x00000000079def58
R12=0x00000000079df801, R13=0x0000000000000000, R14=0x0000000000000000, R15=0x00000000000000c8
RIP=0x0000000007fb0f27, EFLAGS=0x0000000000010246

Top of Stack: (sp=0x00000000079dec40)
0x00000000079dec40:   0000000000000000 0000000000000000
0x00000000079dec50:   0000000000000001 0000000007601000
0x00000000079dec60:   0000000000000001 000000000812afa6
0x00000000079dec70:   0000000000000000 0000000007601000
0x00000000079dec80:   00000000079df1f0 0000000000000000
0x00000000079dec90:   0000000000000000 0000000000000000
0x00000000079deca0:   0000000000000000 0000000000000000
0x00000000079decb0:   0000000000000000 0000000000000000
0x00000000079decc0:   0000000025d344d8 0000000000000000
0x00000000079decd0:   0000000000000000 0000000000000000
0x00000000079dece0:   0000000000000000 0000000000000000
0x00000000079decf0:   0000000000000000 000000000034def0
0x00000000079ded00:   000000000034df40 000000000034dfe0
0x00000000079ded10:   0000000000000064 0000000000000080
0x00000000079ded20:   ffffffff00000002 0000000000000000
0x00000000079ded30:   0000000000000000 00000000083816df 

Instructions: (pc=0x0000000007fb0f27)
0x0000000007fb0f07:   24 40 48 85 c0 74 07 48 8b 40 28 48 ff 00 33 db
0x0000000007fb0f17:   c7 41 44 ff ff ff ff 8b f3 44 8b f3 48 8b 47 38
0x0000000007fb0f27:   80 7c 06 10 00 74 0c 49 8d 0c 06 89 5f 44 e8 e6
0x0000000007fb0f37:   e2 4b 00 ff c3 49 83 c6 18 48 83 c6 18 83 fb 06 


VM_Operation (0x0000000066c4f530): GetOrSetLocal, mode: safepoint, requested by thread 0x0000000066557000


---------------  P R O C E S S  ---------------

Java Threads: ( => current thread )
  0x00000000665ac000 JavaThread "Service Thread" daemon [_thread_blocked, id=9708, stack(0x0000000066dd0000,0x0000000066ed0000)]
  0x0000000066563000 JavaThread "JDWP Command Reader" daemon [_thread_in_native, id=9028, stack(0x0000000066f50000,0x0000000067050000)]
  0x0000000066560000 JavaThread "JDWP Event Helper Thread" daemon [_thread_blocked, id=7788, stack(0x0000000066cc0000,0x0000000066dc0000)]
  0x0000000066557000 JavaThread "JDWP Transport Listener: dt_socket" daemon [_thread_blocked, id=8228, stack(0x0000000066b50000,0x0000000066c50000)]
  0x00000000076ee800 JavaThread "Common-Cleaner" daemon [_thread_blocked, id=8188, stack(0x00000000668c0000,0x00000000669c0000)]
  0x0000000007639000 JavaThread "Sweeper thread" daemon [_thread_blocked, id=6664, stack(0x0000000066300000,0x0000000066400000)]
  0x0000000007638000 JavaThread "C1 CompilerThread2" daemon [_thread_blocked, id=2908, stack(0x0000000065f70000,0x0000000066070000)]
  0x0000000007637800 JavaThread "C2 CompilerThread1" daemon [_thread_blocked, id=9020, stack(0x0000000066200000,0x0000000066300000)]
  0x0000000007625800 JavaThread "C2 CompilerThread0" daemon [_thread_blocked, id=10668, stack(0x00000000660b0000,0x00000000661b0000)]
  0x0000000007624000 JavaThread "Attach Listener" daemon [_thread_blocked, id=10428, stack(0x0000000065df0000,0x0000000065ef0000)]
  0x0000000007623000 JavaThread "Signal Dispatcher" daemon [_thread_blocked, id=7680, stack(0x0000000007c50000,0x0000000007d50000)]
  0x000000000760f800 JavaThread "Finalizer" daemon [_thread_blocked, id=2608, stack(0x0000000007a60000,0x0000000007b60000)]
  0x0000000007604000 JavaThread "Reference Handler" daemon [_thread_blocked, id=7972, stack(0x0000000007780000,0x0000000007880000)]
  0x000000000034c000 JavaThread "main" [_thread_blocked, id=9956, stack(0x00000000020d0000,0x00000000021d0000)]

Other Threads:
=>0x0000000007601000 VMThread "VM Thread" [stack: 0x00000000078e0000,0x00000000079e0000] [id=8356]
  0x0000000066574800 WatcherThread [stack: 0x00000000671a0000,0x00000000672a0000] [id=6208]
  0x0000000000363000 GCTaskThread "GC Thread#0" [stack: 0x00000000027b0000,0x00000000028b0000] [id=6476]
  0x0000000000364000 GCTaskThread "GC Thread#1" [stack: 0x00000000029e0000,0x0000000002ae0000] [id=6388]
  0x0000000000365800 GCTaskThread "GC Thread#2" [stack: 0x0000000002bf0000,0x0000000002cf0000] [id=9212]
  0x000000000036a000 GCTaskThread "GC Thread#3" [stack: 0x0000000002d80000,0x0000000002e80000] [id=720]
  0x00000000003dc000 ConcurrentGCThread "G1 Main Marker" [stack: 0x00000000036f0000,0x00000000037f0000] [id=10144]
  0x00000000003de000 ConcurrentGCThread "G1 Marker#0" [stack: 0x00000000068c0000,0x00000000069c0000] [id=4940]
  0x0000000000371000 ConcurrentGCThread "G1 Refine#0" [stack: 0x00000000035c0000,0x00000000036c0000] [id=6292]
  0x0000000000370000 ConcurrentGCThread "G1 Refine#1" [stack: 0x00000000033c0000,0x00000000034c0000] [id=9876]
  0x000000000036e800 ConcurrentGCThread "G1 Refine#2" [stack: 0x0000000003250000,0x0000000003350000] [id=8928]
  0x000000000036d800 ConcurrentGCThread "G1 Refine#3" [stack: 0x0000000003080000,0x0000000003180000] [id=2420]
  0x0000000000372800 ConcurrentGCThread "G1 Young RemSet Sampling" [stack: 0x00000000037f0000,0x00000000038f0000] [id=9712]

Threads with active compile tasks:

VM state:at safepoint (normal execution)

VM Mutex/Monitor currently owned by a thread:  ([mutex/lock_event])
[0x00000000003489b0] Threads_lock - owner thread: 0x0000000007601000

Heap address: 0x0000000085400000, size: 1964 MB, Compressed Oops mode: 32-bit
Narrow klass base: 0x0000000000000000, Narrow klass shift: 0
Compressed class space size: 1073741824 Address: 0x0000000025d30000

Heap:
 garbage-first heap   total 126976K, used 3072K [0x0000000085400000, 0x00000000855003e0, 0x0000000100000000)
  region size 1024K, 4 young (4096K), 0 survivors (0K)
 Metaspace       used 5108K, capacity 5200K, committed 5376K, reserved 1056768K
  class space    used 450K, capacity 496K, committed 512K, reserved 1048576K
Heap Regions: E=young(eden), S=young(survivor), O=old, HS=humongous(starts), HC=humongous(continues), CS=collection set, F=free, A=archive, TS=gc time stamp, AC=allocation context, TAMS=top-at-mark-start (previous, next)
|   0|0x0000000085400000, 0x0000000085400000, 0x0000000085500000|  0%| F|  |TS  0|AC  0|TAMS 0x0000000085400000, 0x0000000085400000|
|   1|0x0000000085500000, 0x0000000085500000, 0x0000000085600000|  0%| F|  |TS  0|AC  0|TAMS 0x0000000085500000, 0x0000000085500000|
|   2|0x0000000085600000, 0x0000000085600000, 0x0000000085700000|  0%| F|  |TS  0|AC  0|TAMS 0x0000000085600000, 0x0000000085600000|
|   3|0x0000000085700000, 0x0000000085700000, 0x0000000085800000|  0%| F|  |TS  0|AC  0|TAMS 0x0000000085700000, 0x0000000085700000|
|   4|0x0000000085800000, 0x0000000085800000, 0x0000000085900000|  0%| F|  |TS  0|AC  0|TAMS 0x0000000085800000, 0x0000000085800000|
|   5|0x0000000085900000, 0x0000000085900000, 0x0000000085a00000|  0%| F|  |TS  0|AC  0|TAMS 0x0000000085900000, 0x0000000085900000|
|   6|0x0000000085a00000, 0x0000000085a00000, 0x0000000085b00000|  0%| F|  |TS  0|AC  0|TAMS 0x0000000085a00000, 0x0000000085a00000|
|   7|0x0000000085b00000, 0x0000000085b00000, 0x0000000085c00000|  0%| F|  |TS  0|AC  0|TAMS 0x0000000085b00000, 0x0000000085b00000|
|   8|0x0000000085c00000, 0x0000000085c00000, 0x0000000085d00000|  0%| F|  |TS  0|AC  0|TAMS 0x0000000085c00000, 0x0000000085c00000|
|   9|0x0000000085d00000, 0x0000000085d00000, 0x0000000085e00000|  0%| F|  |TS  0|AC  0|TAMS 0x0000000085d00000, 0x0000000085d00000|
|  10|0x0000000085e00000, 0x0000000085e00000, 0x0000000085f00000|  0%| F|  |TS  0|AC  0|TAMS 0x0000000085e00000, 0x0000000085e00000|
|  11|0x0000000085f00000, 0x0000000085f00000, 0x0000000086000000|  0%| F|  |TS  0|AC  0|TAMS 0x0000000085f00000, 0x0000000085f00000|
|  12|0x0000000086000000, 0x0000000086000000, 0x0000000086100000|  0%| F|  |TS  0|AC  0|TAMS 0x0000000086000000, 0x0000000086000000|
|  13|0x0000000086100000, 0x0000000086100000, 0x0000000086200000|  0%| F|  |TS  0|AC  0|TAMS 0x0000000086100000, 0x0000000086100000|
|  14|0x0000000086200000, 0x0000000086200000, 0x0000000086300000|  0%| F|  |TS  0|AC  0|TAMS 0x0000000086200000, 0x0000000086200000|
|  15|0x0000000086300000, 0x0000000086300000, 0x0000000086400000|  0%| F|  |TS  0|AC  0|TAMS 0x0000000086300000, 0x0000000086300000|
|  16|0x0000000086400000, 0x0000000086400000, 0x0000000086500000|  0%| F|  |TS  0|AC  0|TAMS 0x0000000086400000, 0x0000000086400000|
|  17|0x0000000086500000, 0x0000000086500000, 0x0000000086600000|  0%| F|  |TS  0|AC  0|TAMS 0x0000000086500000, 0x0000000086500000|
|  18|0x0000000086600000, 0x0000000086600000, 0x0000000086700000|  0%| F|  |TS  0|AC  0|TAMS 0x0000000086600000, 0x0000000086600000|
|  19|0x0000000086700000, 0x0000000086700000, 0x0000000086800000|  0%| F|  |TS  0|AC  0|TAMS 0x0000000086700000, 0x0000000086700000|
|  20|0x0000000086800000, 0x0000000086800000, 0x0000000086900000|  0%| F|  |TS  0|AC  0|TAMS 0x0000000086800000, 0x0000000086800000|
|  21|0x0000000086900000, 0x0000000086900000, 0x0000000086a00000|  0%| F|  |TS  0|AC  0|TAMS 0x0000000086900000, 0x0000000086900000|
|  22|0x0000000086a00000, 0x0000000086a00000, 0x0000000086b00000|  0%| F|  |TS  0|AC  0|TAMS 0x0000000086a00000, 0x0000000086a00000|
|  23|0x0000000086b00000, 0x0000000086b00000, 0x0000000086c00000|  0%| F|  |TS  0|AC  0|TAMS 0x0000000086b00000, 0x0000000086b00000|
|  24|0x0000000086c00000, 0x0000000086c00000, 0x0000000086d00000|  0%| F|  |TS  0|AC  0|TAMS 0x0000000086c00000, 0x0000000086c00000|
|  25|0x0000000086d00000, 0x0000000086d00000, 0x0000000086e00000|  0%| F|  |TS  0|AC  0|TAMS 0x0000000086d00000, 0x0000000086d00000|
|  26|0x0000000086e00000, 0x0000000086e00000, 0x0000000086f00000|  0%| F|  |TS  0|AC  0|TAMS 0x0000000086e00000, 0x0000000086e00000|
|  27|0x0000000086f00000, 0x0000000086f00000, 0x0000000087000000|  0%| F|  |TS  0|AC  0|TAMS 0x0000000086f00000, 0x0000000086f00000|
|  28|0x0000000087000000, 0x0000000087000000, 0x0000000087100000|  0%| F|  |TS  0|AC  0|TAMS 0x0000000087000000, 0x0000000087000000|
|  29|0x0000000087100000, 0x0000000087100000, 0x0000000087200000|  0%| F|  |TS  0|AC  0|TAMS 0x0000000087100000, 0x0000000087100000|
|  30|0x0000000087200000, 0x0000000087200000, 0x0000000087300000|  0%| F|  |TS  0|AC  0|TAMS 0x0000000087200000, 0x0000000087200000|
|  31|0x0000000087300000, 0x0000000087300000, 0x0000000087400000|  0%| F|  |TS  0|AC  0|TAMS 0x0000000087300000, 0x0000000087300000|
|  32|0x0000000087400000, 0x0000000087400000, 0x0000000087500000|  0%| F|  |TS  0|AC  0|TAMS 0x0000000087400000, 0x0000000087400000|
|  33|0x0000000087500000, 0x0000000087500000, 0x0000000087600000|  0%| F|  |TS  0|AC  0|TAMS 0x0000000087500000, 0x0000000087500000|
|  34|0x0000000087600000, 0x0000000087600000, 0x0000000087700000|  0%| F|  |TS  0|AC  0|TAMS 0x0000000087600000, 0x0000000087600000|
|  35|0x0000000087700000, 0x0000000087700000, 0x0000000087800000|  0%| F|  |TS  0|AC  0|TAMS 0x0000000087700000, 0x0000000087700000|
|  36|0x0000000087800000, 0x0000000087800000, 0x0000000087900000|  0%| F|  |TS  0|AC  0|TAMS 0x0000000087800000, 0x0000000087800000|
|  37|0x0000000087900000, 0x0000000087900000, 0x0000000087a00000|  0%| F|  |TS  0|AC  0|TAMS 0x0000000087900000, 0x0000000087900000|
|  38|0x0000000087a00000, 0x0000000087a00000, 0x0000000087b00000|  0%| F|  |TS  0|AC  0|TAMS 0x0000000087a00000, 0x0000000087a00000|
|  39|0x0000000087b00000, 0x0000000087b00000, 0x0000000087c00000|  0%| F|  |TS  0|AC  0|TAMS 0x0000000087b00000, 0x0000000087b00000|
|  40|0x0000000087c00000, 0x0000000087c00000, 0x0000000087d00000|  0%| F|  |TS  0|AC  0|TAMS 0x0000000087c00000, 0x0000000087c00000|
|  41|0x0000000087d00000, 0x0000000087d00000, 0x0000000087e00000|  0%| F|  |TS  0|AC  0|TAMS 0x0000000087d00000, 0x0000000087d00000|
|  42|0x0000000087e00000, 0x0000000087e00000, 0x0000000087f00000|  0%| F|  |TS  0|AC  0|TAMS 0x0000000087e00000, 0x0000000087e00000|
|  43|0x0000000087f00000, 0x0000000087f00000, 0x0000000088000000|  0%| F|  |TS  0|AC  0|TAMS 0x0000000087f00000, 0x0000000087f00000|
|  44|0x0000000088000000, 0x0000000088000000, 0x0000000088100000|  0%| F|  |TS  0|AC  0|TAMS 0x0000000088000000, 0x0000000088000000|
|  45|0x0000000088100000, 0x0000000088100000, 0x0000000088200000|  0%| F|  |TS  0|AC  0|TAMS 0x0000000088100000, 0x0000000088100000|
|  46|0x0000000088200000, 0x0000000088200000, 0x0000000088300000|  0%| F|  |TS  0|AC  0|TAMS 0x0000000088200000, 0x0000000088200000|
|  47|0x0000000088300000, 0x0000000088300000, 0x0000000088400000|  0%| F|  |TS  0|AC  0|TAMS 0x0000000088300000, 0x0000000088300000|
|  48|0x0000000088400000, 0x0000000088400000, 0x0000000088500000|  0%| F|  |TS  0|AC  0|TAMS 0x0000000088400000, 0x0000000088400000|
|  49|0x0000000088500000, 0x0000000088500000, 0x0000000088600000|  0%| F|  |TS  0|AC  0|TAMS 0x0000000088500000, 0x0000000088500000|
|  50|0x0000000088600000, 0x0000000088600000, 0x0000000088700000|  0%| F|  |TS  0|AC  0|TAMS 0x0000000088600000, 0x0000000088600000|
|  51|0x0000000088700000, 0x0000000088700000, 0x0000000088800000|  0%| F|  |TS  0|AC  0|TAMS 0x0000000088700000, 0x0000000088700000|
|  52|0x0000000088800000, 0x0000000088800000, 0x0000000088900000|  0%| F|  |TS  0|AC  0|TAMS 0x0000000088800000, 0x0000000088800000|
|  53|0x0000000088900000, 0x0000000088900000, 0x0000000088a00000|  0%| F|  |TS  0|AC  0|TAMS 0x0000000088900000, 0x0000000088900000|
|  54|0x0000000088a00000, 0x0000000088a00000, 0x0000000088b00000|  0%| F|  |TS  0|AC  0|TAMS 0x0000000088a00000, 0x0000000088a00000|
|  55|0x0000000088b00000, 0x0000000088b00000, 0x0000000088c00000|  0%| F|  |TS  0|AC  0|TAMS 0x0000000088b00000, 0x0000000088b00000|
|  56|0x0000000088c00000, 0x0000000088c00000, 0x0000000088d00000|  0%| F|  |TS  0|AC  0|TAMS 0x0000000088c00000, 0x0000000088c00000|
|  57|0x0000000088d00000, 0x0000000088d00000, 0x0000000088e00000|  0%| F|  |TS  0|AC  0|TAMS 0x0000000088d00000, 0x0000000088d00000|
|  58|0x0000000088e00000, 0x0000000088e00000, 0x0000000088f00000|  0%| F|  |TS  0|AC  0|TAMS 0x0000000088e00000, 0x0000000088e00000|
|  59|0x0000000088f00000, 0x0000000088f00000, 0x0000000089000000|  0%| F|  |TS  0|AC  0|TAMS 0x0000000088f00000, 0x0000000088f00000|
|  60|0x0000000089000000, 0x0000000089000000, 0x0000000089100000|  0%| F|  |TS  0|AC  0|TAMS 0x0000000089000000, 0x0000000089000000|
|  61|0x0000000089100000, 0x0000000089100000, 0x0000000089200000|  0%| F|  |TS  0|AC  0|TAMS 0x0000000089100000, 0x0000000089100000|
|  62|0x0000000089200000, 0x0000000089200000, 0x0000000089300000|  0%| F|  |TS  0|AC  0|TAMS 0x0000000089200000, 0x0000000089200000|
|  63|0x0000000089300000, 0x0000000089300000, 0x0000000089400000|  0%| F|  |TS  0|AC  0|TAMS 0x0000000089300000, 0x0000000089300000|
|  64|0x0000000089400000, 0x0000000089400000, 0x0000000089500000|  0%| F|  |TS  0|AC  0|TAMS 0x0000000089400000, 0x0000000089400000|
|  65|0x0000000089500000, 0x0000000089500000, 0x0000000089600000|  0%| F|  |TS  0|AC  0|TAMS 0x0000000089500000, 0x0000000089500000|
|  66|0x0000000089600000, 0x0000000089600000, 0x0000000089700000|  0%| F|  |TS  0|AC  0|TAMS 0x0000000089600000, 0x0000000089600000|
|  67|0x0000000089700000, 0x0000000089700000, 0x0000000089800000|  0%| F|  |TS  0|AC  0|TAMS 0x0000000089700000, 0x0000000089700000|
|  68|0x0000000089800000, 0x0000000089800000, 0x0000000089900000|  0%| F|  |TS  0|AC  0|TAMS 0x0000000089800000, 0x0000000089800000|
|  69|0x0000000089900000, 0x0000000089900000, 0x0000000089a00000|  0%| F|  |TS  0|AC  0|TAMS 0x0000000089900000, 0x0000000089900000|
|  70|0x0000000089a00000, 0x0000000089a00000, 0x0000000089b00000|  0%| F|  |TS  0|AC  0|TAMS 0x0000000089a00000, 0x0000000089a00000|
|  71|0x0000000089b00000, 0x0000000089b00000, 0x0000000089c00000|  0%| F|  |TS  0|AC  0|TAMS 0x0000000089b00000, 0x0000000089b00000|
|  72|0x0000000089c00000, 0x0000000089c00000, 0x0000000089d00000|  0%| F|  |TS  0|AC  0|TAMS 0x0000000089c00000, 0x0000000089c00000|
|  73|0x0000000089d00000, 0x0000000089d00000, 0x0000000089e00000|  0%| F|  |TS  0|AC  0|TAMS 0x0000000089d00000, 0x0000000089d00000|
|  74|0x0000000089e00000, 0x0000000089e00000, 0x0000000089f00000|  0%| F|  |TS  0|AC  0|TAMS 0x0000000089e00000, 0x0000000089e00000|
|  75|0x0000000089f00000, 0x0000000089f00000, 0x000000008a000000|  0%| F|  |TS  0|AC  0|TAMS 0x0000000089f00000, 0x0000000089f00000|
|  76|0x000000008a000000, 0x000000008a000000, 0x000000008a100000|  0%| F|  |TS  0|AC  0|TAMS 0x000000008a000000, 0x000000008a000000|
|  77|0x000000008a100000, 0x000000008a100000, 0x000000008a200000|  0%| F|  |TS  0|AC  0|TAMS 0x000000008a100000, 0x000000008a100000|
|  78|0x000000008a200000, 0x000000008a200000, 0x000000008a300000|  0%| F|  |TS  0|AC  0|TAMS 0x000000008a200000, 0x000000008a200000|
|  79|0x000000008a300000, 0x000000008a300000, 0x000000008a400000|  0%| F|  |TS  0|AC  0|TAMS 0x000000008a300000, 0x000000008a300000|
|  80|0x000000008a400000, 0x000000008a400000, 0x000000008a500000|  0%| F|  |TS  0|AC  0|TAMS 0x000000008a400000, 0x000000008a400000|
|  81|0x000000008a500000, 0x000000008a500000, 0x000000008a600000|  0%| F|  |TS  0|AC  0|TAMS 0x000000008a500000, 0x000000008a500000|
|  82|0x000000008a600000, 0x000000008a600000, 0x000000008a700000|  0%| F|  |TS  0|AC  0|TAMS 0x000000008a600000, 0x000000008a600000|
|  83|0x000000008a700000, 0x000000008a700000, 0x000000008a800000|  0%| F|  |TS  0|AC  0|TAMS 0x000000008a700000, 0x000000008a700000|
|  84|0x000000008a800000, 0x000000008a800000, 0x000000008a900000|  0%| F|  |TS  0|AC  0|TAMS 0x000000008a800000, 0x000000008a800000|
|  85|0x000000008a900000, 0x000000008a900000, 0x000000008aa00000|  0%| F|  |TS  0|AC  0|TAMS 0x000000008a900000, 0x000000008a900000|
|  86|0x000000008aa00000, 0x000000008aa00000, 0x000000008ab00000|  0%| F|  |TS  0|AC  0|TAMS 0x000000008aa00000, 0x000000008aa00000|
|  87|0x000000008ab00000, 0x000000008ab00000, 0x000000008ac00000|  0%| F|  |TS  0|AC  0|TAMS 0x000000008ab00000, 0x000000008ab00000|
|  88|0x000000008ac00000, 0x000000008ac00000, 0x000000008ad00000|  0%| F|  |TS  0|AC  0|TAMS 0x000000008ac00000, 0x000000008ac00000|
|  89|0x000000008ad00000, 0x000000008ad00000, 0x000000008ae00000|  0%| F|  |TS  0|AC  0|TAMS 0x000000008ad00000, 0x000000008ad00000|
|  90|0x000000008ae00000, 0x000000008ae00000, 0x000000008af00000|  0%| F|  |TS  0|AC  0|TAMS 0x000000008ae00000, 0x000000008ae00000|
|  91|0x000000008af00000, 0x000000008af00000, 0x000000008b000000|  0%| F|  |TS  0|AC  0|TAMS 0x000000008af00000, 0x000000008af00000|
|  92|0x000000008b000000, 0x000000008b000000, 0x000000008b100000|  0%| F|  |TS  0|AC  0|TAMS 0x000000008b000000, 0x000000008b000000|
|  93|0x000000008b100000, 0x000000008b100000, 0x000000008b200000|  0%| F|  |TS  0|AC  0|TAMS 0x000000008b100000, 0x000000008b100000|
|  94|0x000000008b200000, 0x000000008b200000, 0x000000008b300000|  0%| F|  |TS  0|AC  0|TAMS 0x000000008b200000, 0x000000008b200000|
|  95|0x000000008b300000, 0x000000008b300000, 0x000000008b400000|  0%| F|  |TS  0|AC  0|TAMS 0x000000008b300000, 0x000000008b300000|
|  96|0x000000008b400000, 0x000000008b400000, 0x000000008b500000|  0%| F|  |TS  0|AC  0|TAMS 0x000000008b400000, 0x000000008b400000|
|  97|0x000000008b500000, 0x000000008b500000, 0x000000008b600000|  0%| F|  |TS  0|AC  0|TAMS 0x000000008b500000, 0x000000008b500000|
|  98|0x000000008b600000, 0x000000008b600000, 0x000000008b700000|  0%| F|  |TS  0|AC  0|TAMS 0x000000008b600000, 0x000000008b600000|
|  99|0x000000008b700000, 0x000000008b700000, 0x000000008b800000|  0%| F|  |TS  0|AC  0|TAMS 0x000000008b700000, 0x000000008b700000|
| 100|0x000000008b800000, 0x000000008b800000, 0x000000008b900000|  0%| F|  |TS  0|AC  0|TAMS 0x000000008b800000, 0x000000008b800000|
| 101|0x000000008b900000, 0x000000008b900000, 0x000000008ba00000|  0%| F|  |TS  0|AC  0|TAMS 0x000000008b900000, 0x000000008b900000|
| 102|0x000000008ba00000, 0x000000008ba00000, 0x000000008bb00000|  0%| F|  |TS  0|AC  0|TAMS 0x000000008ba00000, 0x000000008ba00000|
| 103|0x000000008bb00000, 0x000000008bb00000, 0x000000008bc00000|  0%| F|  |TS  0|AC  0|TAMS 0x000000008bb00000, 0x000000008bb00000|
| 104|0x000000008bc00000, 0x000000008bc00000, 0x000000008bd00000|  0%| F|  |TS  0|AC  0|TAMS 0x000000008bc00000, 0x000000008bc00000|
| 105|0x000000008bd00000, 0x000000008bd00000, 0x000000008be00000|  0%| F|  |TS  0|AC  0|TAMS 0x000000008bd00000, 0x000000008bd00000|
| 106|0x000000008be00000, 0x000000008be00000, 0x000000008bf00000|  0%| F|  |TS  0|AC  0|TAMS 0x000000008be00000, 0x000000008be00000|
| 107|0x000000008bf00000, 0x000000008bf00000, 0x000000008c000000|  0%| F|  |TS  0|AC  0|TAMS 0x000000008bf00000, 0x000000008bf00000|
| 108|0x000000008c000000, 0x000000008c000000, 0x000000008c100000|  0%| F|  |TS  0|AC  0|TAMS 0x000000008c000000, 0x000000008c000000|
| 109|0x000000008c100000, 0x000000008c100000, 0x000000008c200000|  0%| F|  |TS  0|AC  0|TAMS 0x000000008c100000, 0x000000008c100000|
| 110|0x000000008c200000, 0x000000008c200000, 0x000000008c300000|  0%| F|  |TS  0|AC  0|TAMS 0x000000008c200000, 0x000000008c200000|
| 111|0x000000008c300000, 0x000000008c300000, 0x000000008c400000|  0%| F|  |TS  0|AC  0|TAMS 0x000000008c300000, 0x000000008c300000|
| 112|0x000000008c400000, 0x000000008c400000, 0x000000008c500000|  0%| F|  |TS  0|AC  0|TAMS 0x000000008c400000, 0x000000008c400000|
| 113|0x000000008c500000, 0x000000008c500000, 0x000000008c600000|  0%| F|  |TS  0|AC  0|TAMS 0x000000008c500000, 0x000000008c500000|
| 114|0x000000008c600000, 0x000000008c600000, 0x000000008c700000|  0%| F|  |TS  0|AC  0|TAMS 0x000000008c600000, 0x000000008c600000|
| 115|0x000000008c700000, 0x000000008c700000, 0x000000008c800000|  0%| F|  |TS  0|AC  0|TAMS 0x000000008c700000, 0x000000008c700000|
| 116|0x000000008c800000, 0x000000008c800000, 0x000000008c900000|  0%| F|  |TS  0|AC  0|TAMS 0x000000008c800000, 0x000000008c800000|
| 117|0x000000008c900000, 0x000000008c900000, 0x000000008ca00000|  0%| F|  |TS  0|AC  0|TAMS 0x000000008c900000, 0x000000008c900000|
| 118|0x000000008ca00000, 0x000000008ca00000, 0x000000008cb00000|  0%| F|  |TS  0|AC  0|TAMS 0x000000008ca00000, 0x000000008ca00000|
| 119|0x000000008cb00000, 0x000000008cb00000, 0x000000008cc00000|  0%| F|  |TS  0|AC  0|TAMS 0x000000008cb00000, 0x000000008cb00000|
| 120|0x000000008cc00000, 0x000000008cc48958, 0x000000008cd00000| 28%| E|  |TS  0|AC  0|TAMS 0x000000008cc00000, 0x000000008cc00000|
| 121|0x000000008cd00000, 0x000000008ce00000, 0x000000008ce00000|100%| E|CS|TS  0|AC  0|TAMS 0x000000008cd00000, 0x000000008cd00000|
| 122|0x000000008ce00000, 0x000000008cf00000, 0x000000008cf00000|100%| E|CS|TS  0|AC  0|TAMS 0x000000008ce00000, 0x000000008ce00000|
| 123|0x000000008cf00000, 0x000000008d000000, 0x000000008d000000|100%| E|CS|TS  0|AC  0|TAMS 0x000000008cf00000, 0x000000008cf00000|

Card table byte_map: [0x00000000040b0000,0x0000000004490000] byte_map_base: 0x0000000003c86000

Marking Bits (Prev, Next): (CMBitMap*) 0x00000000003db270, (CMBitMap*) 0x00000000003db2a8
 Prev Bits: [0x0000000004870000, 0x0000000006720000)
 Next Bits: [0x0000000021e80000, 0x0000000023d30000)

Polling page: 0x0000000000080000

CodeHeap 'non-profiled nmethods': size=120064Kb used=53Kb max_used=53Kb free=120010Kb
 bounds [0x000000001a940000, 0x000000001abb0000, 0x0000000021e80000]
CodeHeap 'profiled nmethods': size=120000Kb used=241Kb max_used=241Kb free=119758Kb
 bounds [0x0000000013410000, 0x0000000013680000, 0x000000001a940000]
CodeHeap 'non-nmethods': size=5696Kb used=1159Kb max_used=1169Kb free=4537Kb
 bounds [0x0000000012e80000, 0x00000000130f0000, 0x0000000013410000]
 total_blobs=538 nmethods=183 adapters=208
 compilation: enabled

Compilation events (10 events):
Event: 0.465 Thread 0x0000000007638000  180       3       java.lang.CharacterDataLatin1::toUpperCase (53 bytes)
Event: 0.465 Thread 0x0000000007638000 nmethod 180 0x000000001344a790 code [0x000000001344a940, 0x000000001344ac10]
Event: 0.465 Thread 0x0000000007638000  176       3       java.lang.String::substring (58 bytes)
Event: 0.466 Thread 0x0000000007638000 nmethod 176 0x000000001344ad10 code [0x000000001344af40, 0x000000001344b728]
Event: 0.468 Thread 0x0000000007638000  182       3       java.lang.String::charAt (25 bytes)
Event: 0.469 Thread 0x0000000007638000 nmethod 182 0x000000001344b990 code [0x000000001344bba0, 0x000000001344c118]
Event: 0.469 Thread 0x0000000007638000  181       1       java.net.URL::getProtocol (5 bytes)
Event: 0.469 Thread 0x0000000007638000 nmethod 181 0x000000001a94d210 code [0x000000001a94d3c0, 0x000000001a94d4d0]
Event: 0.472 Thread 0x0000000007638000  183       3       java.lang.System::getSecurityManager (4 bytes)
Event: 0.472 Thread 0x0000000007638000 nmethod 183 0x000000001344c390 code [0x000000001344c540, 0x000000001344c670]

GC Heap History (0 events):
No events

Deoptimization events (1 events):
Event: 0.468 Thread 0x000000000034c000 Uncommon trap: reason=unstable_if action=reinterpret pc=0x000000001a94b3ec method=java.lang.String.charAt(I)C @ 4 c2

Classes redefined (7 events):
Event: 96.103 Thread 0x0000000007601000 redefined class name=com.javarush.task.task20.task2027.Solution, count=1
Event: 313.843 Thread 0x0000000007601000 redefined class name=com.javarush.task.task20.task2027.Solution, count=2
Event: 372.990 Thread 0x0000000007601000 redefined class name=com.javarush.task.task20.task2027.Solution, count=3
Event: 449.482 Thread 0x0000000007601000 redefined class name=com.javarush.task.task20.task2027.Solution, count=4
Event: 1310.988 Thread 0x0000000007601000 redefined class name=com.javarush.task.task20.task2027.Solution, count=5
Event: 1662.766 Thread 0x0000000007601000 redefined class name=com.javarush.task.task20.task2027.Solution, count=6
Event: 1986.818 Thread 0x0000000007601000 redefined class name=com.javarush.task.task20.task2027.Solution, count=7

Internal exceptions (0 events):
No events

Events (10 events):
Event: 1986.823 Executing VM operation: GetFrameCount done
Event: 1986.823 Executing VM operation: GetFrameLocation
Event: 1986.823 Executing VM operation: GetFrameLocation done
Event: 1987.032 Executing VM operation: ChangeBreakpoints
Event: 1987.032 Executing VM operation: ChangeBreakpoints done
Event: 1987.039 Executing VM operation: ChangeBreakpoints
Event: 1987.039 Executing VM operation: ChangeBreakpoints done
Event: 1987.056 Executing VM operation: ChangeBreakpoints
Event: 1987.056 Executing VM operation: ChangeBreakpoints done
Event: 1987.080 Executing VM operation: GetOrSetLocal


Dynamic libraries:
0x000000013f3a0000 - 0x000000013f3de000 	C:\Program Files\Java\jdk-9.0.4\bin\java.exe
0x0000000077bc0000 - 0x0000000077d5f000 	C:\windows\SYSTEM32\ntdll.dll
0x00000000779a0000 - 0x0000000077abf000 	C:\windows\system32\kernel32.dll
0x000007fefdbe0000 - 0x000007fefdc4a000 	C:\windows\system32\KERNELBASE.dll
0x000007fefe6b0000 - 0x000007fefe78b000 	C:\windows\system32\ADVAPI32.dll
0x000007fefe610000 - 0x000007fefe6af000 	C:\windows\system32\msvcrt.dll
0x000007fefe430000 - 0x000007fefe44f000 	C:\windows\SYSTEM32\sechost.dll
0x000007fefef70000 - 0x000007feff09d000 	C:\windows\system32\RPCRT4.dll
0x0000000077ac0000 - 0x0000000077bba000 	C:\windows\system32\USER32.dll
0x000007fefdc60000 - 0x000007fefdcc7000 	C:\windows\system32\GDI32.dll
0x000007fefdc50000 - 0x000007fefdc5e000 	C:\windows\system32\LPK.dll
0x000007fefdcd0000 - 0x000007fefdd9b000 	C:\windows\system32\USP10.dll
0x000007fefc240000 - 0x000007fefc434000 	C:\windows\WinSxS\amd64_microsoft.windows.common-controls_6595b64144ccf1df_6.0.7601.18837_none_fa3b1e3d17594757\COMCTL32.dll
0x000007fefe450000 - 0x000007fefe4c1000 	C:\windows\system32\SHLWAPI.dll
0x000007fefc960000 - 0x000007fefc96c000 	C:\windows\system32\VERSION.dll
0x000007fefef40000 - 0x000007fefef6e000 	C:\windows\system32\IMM32.DLL
0x000007fefe7f0000 - 0x000007fefe8f9000 	C:\windows\system32\MSCTF.dll
0x000007fee0610000 - 0x000007fee06ff000 	C:\Program Files\Java\jdk-9.0.4\bin\msvcr120.dll
0x000007fee1c70000 - 0x000007fee1d16000 	C:\Program Files\Java\jdk-9.0.4\bin\msvcp120.dll
0x0000000007e00000 - 0x0000000008825000 	C:\Program Files\Java\jdk-9.0.4\bin\server\jvm.dll
0x000007fef9b70000 - 0x000007fef9b79000 	C:\windows\system32\WSOCK32.dll
0x000007fefe4d0000 - 0x000007fefe51d000 	C:\windows\system32\WS2_32.dll
0x000007fefe520000 - 0x000007fefe528000 	C:\windows\system32\NSI.dll
0x000007fef7080000 - 0x000007fef70bb000 	C:\windows\system32\WINMM.dll
0x0000000077d70000 - 0x0000000077d77000 	C:\windows\system32\PSAPI.DLL
0x000007fef9b60000 - 0x000007fef9b6f000 	C:\Program Files\Java\jdk-9.0.4\bin\verify.dll
0x000007fef5220000 - 0x000007fef5247000 	C:\Program Files\Java\jdk-9.0.4\bin\java.dll
0x000007fee7400000 - 0x000007fee7436000 	C:\Program Files\Java\jdk-9.0.4\bin\jdwp.dll
0x000007fef5110000 - 0x000007fef513a000 	C:\Program Files\Java\jdk-9.0.4\bin\instrument.dll
0x000007fef61a0000 - 0x000007fef61b6000 	C:\Program Files\Java\jdk-9.0.4\bin\zip.dll
0x000007fef9b50000 - 0x000007fef9b5a000 	C:\Program Files\Java\jdk-9.0.4\bin\jimage.dll
0x000007feff120000 - 0x000007feffeab000 	C:\windows\system32\SHELL32.dll
0x000007fefdda0000 - 0x000007fefdf9d000 	C:\windows\system32\ole32.dll
0x000007fefd8a0000 - 0x000007fefd8af000 	C:\windows\system32\profapi.dll
0x000007fef5ff0000 - 0x000007fef600a000 	C:\Program Files\Java\jdk-9.0.4\bin\net.dll
0x000007fefa080000 - 0x000007fefa0f1000 	C:\windows\system32\WINHTTP.dll
0x000007fefa010000 - 0x000007fefa075000 	C:\windows\system32\webio.dll
0x000007fefd020000 - 0x000007fefd075000 	C:\windows\system32\mswsock.dll
0x000007fefd010000 - 0x000007fefd017000 	C:\windows\System32\wship6.dll
0x000007fef5200000 - 0x000007fef5211000 	C:\Program Files\Java\jdk-9.0.4\bin\nio.dll
0x000007fefa5e0000 - 0x000007fefa5ea000 	C:\Program Files\Java\jdk-9.0.4\bin\dt_socket.dll
0x000007fefca30000 - 0x000007fefca37000 	C:\windows\System32\wshtcpip.dll
0x000007fef7a70000 - 0x000007fef7b95000 	C:\windows\system32\dbghelp.dll

VM Arguments:
jvm_args: -agentlib:jdwp=transport=dt_socket,address=127.0.0.1:53489,suspend=y,server=n -javaagent:C:\Tmp\capturejars\debugger-agent.jar=file:/C:/Tmp/capture.props -Dfile.encoding=UTF-8 
java_command: com.javarush.task.task20.task2027.Solution
java_class_path (initial): C:\_nout\java\rush\JavaRushTasks\out\production\2.JavaCore;C:\Program Files\JetBrains\IntelliJ IDEA Community Edition 2018.1.1\lib\idea_rt.jar
Launcher Type: SUN_STANDARD

Logging:
Log output configuration:
#0: stdout all=warning uptime,level,tags
#1: stderr all=off uptime,level,tags

Environment Variables:
JAVA_HOME=C:\Program Files\Java\jdk-9.0.4
PATH=C:\sonarqube\sonar-scanner-3.1.0.1141-windows\bin\;C:\Program Files (x86)\Common Files\Oracle\Java\javapath;C:\windows\system32;C:\windows;C:\windows\System32\Wbem;C:\windows\System32\WindowsPowerShell\v1.0\;C:\sonarqube\sonar-scanner-3.0.3.778-windows\bin\;C:\sonarqube\sonarqube-7.0;c:\ProgramData\chocoportable\bin;;C:\windows\System32\WindowsPowerShell\v1.0\;C:\windows\System32\WindowsPowerShell\v1.0\
USERNAME=AButuzov
OS=Windows_NT
PROCESSOR_IDENTIFIER=Intel64 Family 6 Model 78 Stepping 3, GenuineIntel



---------------  S Y S T E M  ---------------

OS: Windows 7 , 64 bit Build 7601 (6.1.7601.24024)

CPU:total 4 (initial active 4) (2 cores per cpu, 2 threads per core) family 6 model 78 stepping 3, cmov, cx8, fxsr, mmx, sse, sse2, sse3, ssse3, sse4.1, sse4.2, popcnt, avx, avx2, aes, clmul, erms, 3dnowpref, lzcnt, ht, tsc, tscinvbit, bmi1, bmi2, adx, fma

Memory: 4k page, physical 8043960k(1475996k free), swap 12758628k(2919156k free)

vm_info: Java HotSpot(TM) 64-Bit Server VM (9.0.4+11) for windows-amd64 JRE (9.0.4+11), built on Dec 20 2017 02:18:54 by "mach5one" with MS VC++ 12.0 (VS2013)

END.
